[debug] [2024-03-24T19:46:52.753Z] ----------------------------------------------------------------------
[debug] [2024-03-24T19:46:52.755Z] Command:       C:\Program Files\nodejs\node.exe C:\Users\Adeel\AppData\Roaming\npm\node_modules\firebase-tools\lib\bin\firebase.js init
[debug] [2024-03-24T19:46:52.755Z] CLI Version:   13.5.2
[debug] [2024-03-24T19:46:52.756Z] Platform:      win32
[debug] [2024-03-24T19:46:52.756Z] Node Version:  v18.17.0
[debug] [2024-03-24T19:46:52.757Z] Time:          Mon Mar 25 2024 00:46:52 GMT+0500 (Pakistan Standard Time)
[debug] [2024-03-24T19:46:52.757Z] ----------------------------------------------------------------------
[debug] 
[debug] [2024-03-24T19:46:52.846Z] > command requires scopes: ["email","openid","https://www.googleapis.com/auth/cloudplatformprojects.readonly","https://www.googleapis.com/auth/firebase","https://www.googleapis.com/auth/cloud-platform"]
[debug] [2024-03-24T19:46:52.847Z] > authorizing via signed-in user (alimuhammadjafar873@gmail.com)
[info] 
     ######## #### ########  ######## ########     ###     ######  ########
     ##        ##  ##     ## ##       ##     ##  ##   ##  ##       ##
     ######    ##  ########  ######   ########  #########  ######  ######
     ##        ##  ##    ##  ##       ##     ## ##     ##       ## ##
     ##       #### ##     ## ######## ########  ##     ##  ######  ########

You're about to initialize a Firebase project in this directory:

  C:\Users\Adeel\Documents\GitHub\Mehraz

Before we get started, keep in mind:

  * You are initializing within an existing Firebase project directory

[info] 
=== Project Setup
[info] 
[info] First, let's associate this project directory with a Firebase project.
[info] You can create multiple project aliases by running firebase use --add, 
[info] but for now we'll just set up a default project.
[info] 
[debug] [2024-03-24T19:46:56.920Z] Using project from CLI flag: mehraz-e8261
[debug] [2024-03-24T19:46:56.922Z] >>> [apiv2][query] GET https://firebase.googleapis.com/v1beta1/projects/mehraz-e8261 [none]
[debug] [2024-03-24T19:46:57.665Z] <<< [apiv2][status] GET https://firebase.googleapis.com/v1beta1/projects/mehraz-e8261 200
[debug] [2024-03-24T19:46:57.665Z] <<< [apiv2][body] GET https://firebase.googleapis.com/v1beta1/projects/mehraz-e8261 {"projectId":"mehraz-e8261","projectNumber":"902392423874","displayName":"Mehraz","name":"projects/mehraz-e8261","resources":{"hostingSite":"mehraz-e8261","storageBucket":"mehraz-e8261.appspot.com","locationId":"asia-south1"},"state":"ACTIVE","etag":"1_3b187252-58e4-47d9-9f87-e448977d817b"}
[info] i  Using project mehraz-e8261 (Mehraz) 
[info] 
=== Hosting:github Setup
[info] 
[info] i  Detected a .git folder at C:\Users\Adeel\Documents\GitHub\Mehraz 
[info] i  Authorizing with GitHub to upload your service account to a GitHub repository's secrets store. 
[info] 
[info] Visit this URL on this device to log in:
[info] https://github.com/login/oauth/authorize?client_id=89cf50f02ac6aaed3484&state=538556569&redirect_uri=http%3A%2F%2Flocalhost%3A9005&scope=read%3Auser%20repo%20public_repo
[info] 
[info] Waiting for authentication...
[debug] [2024-03-24T19:46:58.647Z] >>> [apiv2][query] POST https://github.com/login/oauth/access_token [none]
[debug] [2024-03-24T19:46:58.647Z] >>> [apiv2][body] POST https://github.com/login/oauth/access_token [stream]
[debug] [2024-03-24T19:46:59.229Z] <<< [apiv2][status] POST https://github.com/login/oauth/access_token 200
[debug] [2024-03-24T19:46:59.229Z] <<< [apiv2][body] POST https://github.com/login/oauth/access_token {"access_token":"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","token_type":"bearer","scope":"read:user,repo"}
[debug] [2024-03-24T19:46:59.247Z] >>> [apiv2][query] GET https://api.github.com/user [none]
[debug] [2024-03-24T19:46:59.850Z] <<< [apiv2][status] GET https://api.github.com/user 200
[debug] [2024-03-24T19:46:59.851Z] <<< [apiv2][body] GET https://api.github.com/user {"login":"Sniper512","id":103287122,"node_id":"U_kgDOBigJUg","avatar_url":"https://avatars.githubusercontent.com/u/103287122?v=4","gravatar_id":"","url":"https://api.github.com/users/Sniper512","html_url":"https://github.com/Sniper512","followers_url":"https://api.github.com/users/Sniper512/followers","following_url":"https://api.github.com/users/Sniper512/following{/other_user}","gists_url":"https://api.github.com/users/Sniper512/gists{/gist_id}","starred_url":"https://api.github.com/users/Sniper512/starred{/owner}{/repo}","subscriptions_url":"https://api.github.com/users/Sniper512/subscriptions","organizations_url":"https://api.github.com/users/Sniper512/orgs","repos_url":"https://api.github.com/users/Sniper512/repos","events_url":"https://api.github.com/users/Sniper512/events{/privacy}","received_events_url":"https://api.github.com/users/Sniper512/received_events","type":"User","site_admin":false,"name":"Muhammad Jafar","company":"Punjab University, Lahore","blog":"","location":"Pakistan","email":null,"hireable":null,"bio":"A Programming Geek who loves to Code, learn new stuff, collaborate and just perform his best. Currently a student in Punjab University, Lahore.","twitter_username":null,"public_repos":9,"public_gists":0,"followers":0,"following":2,"created_at":"2022-04-08T20:33:06Z","updated_at":"2024-03-10T21:59:52Z","private_gists":0,"total_private_repos":9,"owned_private_repos":9,"disk_usage":17003,"collaborators":5,"two_factor_authentication":false,"plan":{"name":"pro","space":976562499,"collaborators":0,"private_repos":9999}}
[info] 
[info] +  Success! Logged into GitHub as Sniper512 
[info] 
[debug] [2024-03-24T19:48:06.311Z] ----------------------------------------------------------------------
[debug] [2024-03-24T19:48:06.314Z] Command:       C:\Program Files\nodejs\node.exe C:\Users\Adeel\AppData\Roaming\npm\node_modules\firebase-tools\lib\bin\firebase.js deploy --only hosting
[debug] [2024-03-24T19:48:06.315Z] CLI Version:   13.5.2
[debug] [2024-03-24T19:48:06.316Z] Platform:      win32
[debug] [2024-03-24T19:48:06.316Z] Node Version:  v18.17.0
[debug] [2024-03-24T19:48:06.317Z] Time:          Mon Mar 25 2024 00:48:06 GMT+0500 (Pakistan Standard Time)
[debug] [2024-03-24T19:48:06.317Z] ----------------------------------------------------------------------
[debug] 
[debug] [2024-03-24T19:48:06.440Z] > command requires scopes: ["email","openid","https://www.googleapis.com/auth/cloudplatformprojects.readonly","https://www.googleapis.com/auth/firebase","https://www.googleapis.com/auth/cloud-platform"]
[debug] [2024-03-24T19:48:06.440Z] > authorizing via signed-in user (alimuhammadjafar873@gmail.com)
[debug] [2024-03-24T19:48:06.441Z] [iam] checking project mehraz-e8261 for permissions ["firebase.projects.get","firebasehosting.sites.update"]
[debug] [2024-03-24T19:48:06.444Z] >>> [apiv2][query] POST https://cloudresourcemanager.googleapis.com/v1/projects/mehraz-e8261:testIamPermissions [none]
[debug] [2024-03-24T19:48:06.444Z] >>> [apiv2][(partial)header] POST https://cloudresourcemanager.googleapis.com/v1/projects/mehraz-e8261:testIamPermissions x-goog-quota-user=projects/mehraz-e8261
[debug] [2024-03-24T19:48:06.444Z] >>> [apiv2][body] POST https://cloudresourcemanager.googleapis.com/v1/projects/mehraz-e8261:testIamPermissions {"permissions":["firebase.projects.get","firebasehosting.sites.update"]}
[debug] [2024-03-24T19:48:08.133Z] <<< [apiv2][status] POST https://cloudresourcemanager.googleapis.com/v1/projects/mehraz-e8261:testIamPermissions 200
[debug] [2024-03-24T19:48:08.134Z] <<< [apiv2][body] POST https://cloudresourcemanager.googleapis.com/v1/projects/mehraz-e8261:testIamPermissions {"permissions":["firebase.projects.get","firebasehosting.sites.update"]}
[debug] [2024-03-24T19:48:08.137Z] >>> [apiv2][query] GET https://firebase.googleapis.com/v1beta1/projects/mehraz-e8261 [none]
[debug] [2024-03-24T19:48:08.778Z] <<< [apiv2][status] GET https://firebase.googleapis.com/v1beta1/projects/mehraz-e8261 200
[debug] [2024-03-24T19:48:08.779Z] <<< [apiv2][body] GET https://firebase.googleapis.com/v1beta1/projects/mehraz-e8261 {"projectId":"mehraz-e8261","projectNumber":"902392423874","displayName":"Mehraz","name":"projects/mehraz-e8261","resources":{"hostingSite":"mehraz-e8261","storageBucket":"mehraz-e8261.appspot.com","locationId":"asia-south1"},"state":"ACTIVE","etag":"1_3b187252-58e4-47d9-9f87-e448977d817b"}
[debug] [2024-03-24T19:48:15.681Z] >>> [apiv2][query] GET https://firebasehosting.googleapis.com/v1beta1/projects/mehraz-e8261/sites pageToken=&pageSize=10
[debug] [2024-03-24T19:48:18.406Z] <<< [apiv2][status] GET https://firebasehosting.googleapis.com/v1beta1/projects/mehraz-e8261/sites 200
[debug] [2024-03-24T19:48:18.407Z] <<< [apiv2][body] GET https://firebasehosting.googleapis.com/v1beta1/projects/mehraz-e8261/sites {"sites":[{"name":"projects/mehraz-e8261/sites/mehraz-e8261","defaultUrl":"https://mehraz-e8261.web.app","appId":"1:902392423874:web:26c9218264d682ed0b625b","type":"DEFAULT_SITE"}]}
[debug] [2024-03-24T19:48:18.408Z] >>> [apiv2][query] GET https://firebase.googleapis.com/v1beta1/projects/-/webApps/1:902392423874:web:26c9218264d682ed0b625b/config [none]
[debug] [2024-03-24T19:48:21.157Z] <<< [apiv2][status] GET https://firebase.googleapis.com/v1beta1/projects/-/webApps/1:902392423874:web:26c9218264d682ed0b625b/config 200
[debug] [2024-03-24T19:48:21.157Z] <<< [apiv2][body] GET https://firebase.googleapis.com/v1beta1/projects/-/webApps/1:902392423874:web:26c9218264d682ed0b625b/config {"projectId":"mehraz-e8261","appId":"1:902392423874:web:26c9218264d682ed0b625b","storageBucket":"mehraz-e8261.appspot.com","locationId":"asia-south1","apiKey":"AIzaSyBJ_AmK8SVIY0s6sgV5W1kZVn8R923rRk0","authDomain":"mehraz-e8261.firebaseapp.com","messagingSenderId":"902392423874","measurementId":"G-Y6VCNRRXKB"}
[info] 
   Thank you for trying our early preview of Next.js support on Firebase Hosting.
   During the preview, support is best-effort and breaking changes can be expected. Proceed with caution.

   Documentation: https://firebase.google.com/docs/hosting/frameworks/nextjs
   File a bug: https://github.com/firebase/firebase-tools/issues/new?template=bug_report.md
   Submit a feature request: https://github.com/firebase/firebase-tools/issues/new?template=feature_request.md

   We'd love to learn from you. Express your interest in helping us shape the future of Firebase Hosting: https://goo.gle/41enW5X

[debug] [2024-03-24T19:48:33.123Z] >>> [apiv2][query] GET https://firebasehosting.googleapis.com/v1beta1/projects/mehraz-e8261/sites/mehraz-e8261 [none]
[debug] [2024-03-24T19:48:35.029Z] <<< [apiv2][status] GET https://firebasehosting.googleapis.com/v1beta1/projects/mehraz-e8261/sites/mehraz-e8261 200
[debug] [2024-03-24T19:48:35.030Z] <<< [apiv2][body] GET https://firebasehosting.googleapis.com/v1beta1/projects/mehraz-e8261/sites/mehraz-e8261 {"name":"projects/mehraz-e8261/sites/mehraz-e8261","defaultUrl":"https://mehraz-e8261.web.app","appId":"1:902392423874:web:26c9218264d682ed0b625b","type":"DEFAULT_SITE"}
[info]    ▲ Next.js 14.0.4

[info] 
   Creating an optimized production build ...

[info]  ✓ Compiled successfully

[info]    Linting and checking validity of types ...

[info] 
./src/components/admin-side/dashboard/AdminDashboardDropdown.js
24:6  Warning: React Hook useEffect has a missing dependency: 'setExpandedDropdown'. Either include it or remove the dependency array. If 'setExpandedDropdown' changes too often, find the parent component that defines it and wrap that definition in useCallback.  react-hooks/exhaustive-deps

./src/components/admin-side/free-project/FreeProjectClientPage.js
45:6  Warning: React Hook useEffect has missing dependencies: 'router' and 'showAlert'. Either include them or remove the dependency array.  react-hooks/exhaustive-deps

./src/components/admin-side/free-project/FreeProjectS1.js
23:6  Warning: React Hook useEffect has a missing dependency: 'citiesOptions'. Either include it or remove the dependency array. You can also do a functional update 'setCitiesOptions(c => ...)' if you only need 'citiesOptions' in the 'setCitiesOptions' call.  react-hooks/exhaustive-deps

./src/components/admin-side/free-project/FreeProjectS2.js
328:6  Warning: React Hook useEffect has missing dependencies: 'defaultExteriorView', 'defaultInteriorView', 'defaultMaterial', and 'defaultProgram'. Either include them or remove the dependency array.  react-hooks/exhaustive-deps

./src/components/admin-side/free-project/ProgramModal.js
25:6  Warning: React Hook useEffect has missing dependencies: 'currentProgram.subCategories' and 'currentProgramInputHandler'. Either include them or remove the dependency array. If 'currentProgramInputHandler' changes too often, find the parent component that defines it and wrap that definition in useCallback.  react-hooks/exhaustive-deps

./src/components/admin-side/materials/MaterialsClientPage.js
158:6  Warning: React Hook useEffect has missing dependencies: 'defaultMaterial' and 'defaultMaterialCategory'. Either include them or remove the dependency array.  react-hooks/exhaustive-deps

./src/components/admin-side/projects/ProjectsDisplay.js
31:6  Warning: React Hook useEffect has a missing dependency: 'projects'. Either include it or remove the dependency array.  react-hooks/exhaustive-deps

./src/components/admin-side/rac/RACClientPage.js
367:6  Warning: React Hook useEffect has missing dependencies: 'deafultPlot', 'defaultCity', 'defaultCurrency', 'defaultItemToDelete', 'defaultOfficeLocation', and 'defaultStyle'. Either include them or remove the dependency array.  react-hooks/exhaustive-deps

./src/components/Alert.js
18:6  Warning: React Hook useEffect has a missing dependency: 'hideAlert'. Either include it or remove the dependency array.  react-hooks/exhaustive-deps

info  - Need to disable some ESLint rules? Learn more here: https://nextjs.org/docs/basic-features/eslint#disabling-rules

[info]    Collecting page data ...

[info]    Generating static pages (0/10) ...

[info]    Generating static pages (2/10) 

[info]    Generating static pages (4/10) 

[info]    Generating static pages (7/10) 

[info] [ep [FirebaseError]: Firebase Storage: Object 'MATERIALS/01HSRXYNF9SFFVC9YFEE3AS2GA/image' does not exist. (storage/object-not-found)] {
  code: 'storage/object-not-found',
  customData: { serverResponse: '' },
  status_: 0,
  _baseMessage: "Firebase Storage: Object 'MATERIALS/01HSRXYNF9SFFVC9YFEE3AS2GA/image' does not exist. (storage/object-not-found)"
}

[info] [ep [FirebaseError]: Firebase Storage: Object 'MATERIALS/01HSRXYNF9SFFVC9YFEE3AS2GA/image' does not exist. (storage/object-not-found)] {
  code: 'storage/object-not-found',
  customData: { serverResponse: '' },
  status_: 0,
  _baseMessage: "Firebase Storage: Object 'MATERIALS/01HSRXYNF9SFFVC9YFEE3AS2GA/image' does not exist. (storage/object-not-found)"
}

